<?xml version="1.0" encoding="UTF-8"?>
<!-- Generated by org.testng.reporters.JUnitReportReporter -->
<testsuite hostname="Jyoti-Gupta" name="WarehouseApp.SecondTest" tests="2" failures="0" timestamp="24 Sep 2018 07:34:32 GMT" time="12.497" errors="0">
  <testcase name="openManifestListPage" time="2.132" classname="WarehouseApp.SecondTest"/>
  <testcase name="createManifest" time="10.365" classname="WarehouseApp.SecondTest"/>
</testsuite> <!-- WarehouseApp.SecondTest -->
