<?xml version="1.0" encoding="UTF-8"?>
<!-- Generated by org.testng.reporters.JUnitReportReporter -->
<testsuite skipped="0" hostname="Jyotis-Mac-mini.local" name="WarehouseApp.GenericMethod" tests="1" failures="0" timestamp="02 Nov 2017 10:43:28 GMT" time="37.075" errors="0">
  <testcase name="getUrl" time="37.075" classname="WarehouseApp.GenericMethod"/>
</testsuite> <!-- WarehouseApp.GenericMethod -->
